[2018-03-08 12:01:18.037] [exthost1] [info] extension host started
[2018-03-08 12:01:18.087] [exthost1] [info] ExtensionService#_doActivateExtension vscode.emmet {"startup":true,"activationEvent":"*"}
[2018-03-08 12:01:18.087] [exthost1] [info] ExtensionService#loadCommonJSModule /usr/share/code/resources/app/extensions/emmet/out/extension
[2018-03-08 12:01:18.177] [exthost1] [info] ExtensionService#_doActivateExtension vscode.git {"startup":true,"activationEvent":"*"}
[2018-03-08 12:01:18.177] [exthost1] [info] ExtensionService#loadCommonJSModule /usr/share/code/resources/app/extensions/git/out/main
[2018-03-08 12:01:18.336] [exthost1] [info] ExtensionService#_doActivateExtension vscode.merge-conflict {"startup":true,"activationEvent":"*"}
[2018-03-08 12:01:18.336] [exthost1] [info] ExtensionService#loadCommonJSModule /usr/share/code/resources/app/extensions/merge-conflict/out/extension
[2018-03-08 12:01:18.356] [exthost1] [info] eager extensions activated
[2018-03-08 12:01:24.021] [exthost1] [info] ExtensionService#_doActivateExtension vscode.configuration-editing {"startup":false,"activationEvent":"onLanguage:jsonc"}
[2018-03-08 12:01:24.021] [exthost1] [info] ExtensionService#loadCommonJSModule /usr/share/code/resources/app/extensions/configuration-editing/out/extension
[2018-03-08 12:01:24.046] [exthost1] [info] ExtensionService#_doActivateExtension vscode.json {"startup":false,"activationEvent":"onLanguage:jsonc"}
[2018-03-08 12:01:24.046] [exthost1] [info] ExtensionService#loadCommonJSModule /usr/share/code/resources/app/extensions/json/client/out/jsonMain
[2018-03-08 12:01:50.895] [exthost1] [info] extension host started
[2018-03-08 12:01:50.950] [exthost1] [info] ExtensionService#_doActivateExtension vscode.emmet {"startup":true,"activationEvent":"*"}
[2018-03-08 12:01:50.950] [exthost1] [info] ExtensionService#loadCommonJSModule /usr/share/code/resources/app/extensions/emmet/out/extension
[2018-03-08 12:01:51.061] [exthost1] [info] ExtensionService#_doActivateExtension vscode.git {"startup":true,"activationEvent":"*"}
[2018-03-08 12:01:51.061] [exthost1] [info] ExtensionService#loadCommonJSModule /usr/share/code/resources/app/extensions/git/out/main
[2018-03-08 12:01:51.268] [exthost1] [info] ExtensionService#_doActivateExtension vscode.merge-conflict {"startup":true,"activationEvent":"*"}
[2018-03-08 12:01:51.268] [exthost1] [info] ExtensionService#loadCommonJSModule /usr/share/code/resources/app/extensions/merge-conflict/out/extension
[2018-03-08 12:01:51.295] [exthost1] [info] eager extensions activated
[2018-03-08 12:02:03.549] [exthost1] [info] ExtensionService#_doActivateExtension vscode.php {"startup":false,"activationEvent":"onLanguage:php"}
[2018-03-08 12:02:03.549] [exthost1] [info] ExtensionService#loadCommonJSModule /usr/share/code/resources/app/extensions/php/out/phpMain
[2018-03-08 12:19:21.161] [exthost1] [info] extension host started
[2018-03-08 12:19:21.235] [exthost1] [info] ExtensionService#_doActivateExtension vscode.emmet {"startup":true,"activationEvent":"*"}
[2018-03-08 12:19:21.235] [exthost1] [info] ExtensionService#loadCommonJSModule /usr/share/code/resources/app/extensions/emmet/out/extension
[2018-03-08 12:19:21.370] [exthost1] [info] ExtensionService#_doActivateExtension vscode.git {"startup":true,"activationEvent":"*"}
[2018-03-08 12:19:21.370] [exthost1] [info] ExtensionService#loadCommonJSModule /usr/share/code/resources/app/extensions/git/out/main
[2018-03-08 12:19:21.592] [exthost1] [info] ExtensionService#_doActivateExtension vscode.merge-conflict {"startup":true,"activationEvent":"*"}
[2018-03-08 12:19:21.592] [exthost1] [info] ExtensionService#loadCommonJSModule /usr/share/code/resources/app/extensions/merge-conflict/out/extension
[2018-03-08 12:19:21.619] [exthost1] [info] eager extensions activated
[2018-03-08 12:19:33.888] [exthost1] [info] ExtensionService#_doActivateExtension vscode.php {"startup":false,"activationEvent":"onLanguage:php"}
[2018-03-08 12:19:33.888] [exthost1] [info] ExtensionService#loadCommonJSModule /usr/share/code/resources/app/extensions/php/out/phpMain
